----- Log -----
Alloc - Allocating resource 'struct texture2d_t' - 0x1c983205e50 - C:\Users\zack\Documents\GitHub\AAGEPong\ActuallyAGameEngine\include\Engine/asset_loader.hpp:35 cache_resource_t
Info - Texture loaded: textures/paddle.png, 16 x 80 - channels: 4 - C:\Users\zack\Documents\GitHub\AAGEPong\ActuallyAGameEngine\src\Graphics\texture2d.cpp:126 texture2d_t
Alloc - Allocating resource 'struct texture2d_t' - 0x1c9832058d0 - C:\Users\zack\Documents\GitHub\AAGEPong\ActuallyAGameEngine\include\Engine/asset_loader.hpp:35 cache_resource_t
Info - Texture loaded: textures/ball.png, 8 x 8 - channels: 4 - C:\Users\zack\Documents\GitHub\AAGEPong\ActuallyAGameEngine\src\Graphics\texture2d.cpp:126 texture2d_t
Info - Player connected - C:\Users\zack\Documents\GitHub\AAGEPong\src\main.cpp:44 on_connect
Alloc - Allocating resource 'struct shader_t' - 0x1c982f990e0 - C:\Users\zack\Documents\GitHub\AAGEPong\ActuallyAGameEngine\include\Engine/asset_loader.hpp:35 cache_resource_t
Info - Loading shader stage: shaders/batch.vs - C:\Users\zack\Documents\GitHub\AAGEPong\ActuallyAGameEngine\src\Graphics\shader.cpp:160 shader_t
Info - Loading shader stage: shaders/batch.fs - C:\Users\zack\Documents\GitHub\AAGEPong\ActuallyAGameEngine\src\Graphics\shader.cpp:160 shader_t
Info - Shader loaded: shaders/batch.vs/shaders/batch.fs - C:\Users\zack\Documents\GitHub\AAGEPong\ActuallyAGameEngine\src\Graphics\shader.cpp:185 shader_t
Info - Server received ---- - C:\Users\zack\Documents\GitHub\AAGEPong\src\main.cpp:64 on_packet
Info - {"data":1,"type":10959072616266792980} - C:\Users\zack\Documents\GitHub\AAGEPong\src\main.cpp:66 on_packet
Info - Server received ---- - C:\Users\zack\Documents\GitHub\AAGEPong\src\main.cpp:64 on_packet
Info - {"data":1,"type":10959072616266792980} - C:\Users\zack\Documents\GitHub\AAGEPong\src\main.cpp:66 on_packet
Info - Server received ---- - C:\Users\zack\Documents\GitHub\AAGEPong\src\main.cpp:64 on_packet
Info - {"data":1,"type":10959072616266792980} - C:\Users\zack\Documents\GitHub\AAGEPong\src\main.cpp:66 on_packet
Info - Server received ---- - C:\Users\zack\Documents\GitHub\AAGEPong\src\main.cpp:64 on_packet
Info - {"data":1,"type":10959072616266792980} - C:\Users\zack\Documents\GitHub\AAGEPong\src\main.cpp:66 on_packet
Info - Server received ---- - C:\Users\zack\Documents\GitHub\AAGEPong\src\main.cpp:64 on_packet
Info - {"data":-1,"type":10959072616266792980} - C:\Users\zack\Documents\GitHub\AAGEPong\src\main.cpp:66 on_packet
Info - Server received ---- - C:\Users\zack\Documents\GitHub\AAGEPong\src\main.cpp:64 on_packet
Info - {"data":-1,"type":10959072616266792980} - C:\Users\zack\Documents\GitHub\AAGEPong\src\main.cpp:66 on_packet
Info - Server received ---- - C:\Users\zack\Documents\GitHub\AAGEPong\src\main.cpp:64 on_packet
Info - {"data":-1,"type":10959072616266792980} - C:\Users\zack\Documents\GitHub\AAGEPong\src\main.cpp:66 on_packet
Info - Server received ---- - C:\Users\zack\Documents\GitHub\AAGEPong\src\main.cpp:64 on_packet
Info - {"data":-1,"type":10959072616266792980} - C:\Users\zack\Documents\GitHub\AAGEPong\src\main.cpp:66 on_packet
Info - Server received ---- - C:\Users\zack\Documents\GitHub\AAGEPong\src\main.cpp:64 on_packet
Info - {"data":-1,"type":10959072616266792980} - C:\Users\zack\Documents\GitHub\AAGEPong\src\main.cpp:66 on_packet
Info - Server received ---- - C:\Users\zack\Documents\GitHub\AAGEPong\src\main.cpp:64 on_packet
Info - {"data":-1,"type":10959072616266792980} - C:\Users\zack\Documents\GitHub\AAGEPong\src\main.cpp:66 on_packet
Info - Server received ---- - C:\Users\zack\Documents\GitHub\AAGEPong\src\main.cpp:64 on_packet
Info - {"data":-1,"type":10959072616266792980} - C:\Users\zack\Documents\GitHub\AAGEPong\src\main.cpp:66 on_packet
Info - Server received ---- - C:\Users\zack\Documents\GitHub\AAGEPong\src\main.cpp:64 on_packet
Info - {"data":-1,"type":10959072616266792980} - C:\Users\zack\Documents\GitHub\AAGEPong\src\main.cpp:66 on_packet
Info - Server received ---- - C:\Users\zack\Documents\GitHub\AAGEPong\src\main.cpp:64 on_packet
Info - {"data":1,"type":10959072616266792980} - C:\Users\zack\Documents\GitHub\AAGEPong\src\main.cpp:66 on_packet
Info - Server received ---- - C:\Users\zack\Documents\GitHub\AAGEPong\src\main.cpp:64 on_packet
Info - {"data":1,"type":10959072616266792980} - C:\Users\zack\Documents\GitHub\AAGEPong\src\main.cpp:66 on_packet
Info - Server received ---- - C:\Users\zack\Documents\GitHub\AAGEPong\src\main.cpp:64 on_packet
Info - {"data":1,"type":10959072616266792980} - C:\Users\zack\Documents\GitHub\AAGEPong\src\main.cpp:66 on_packet
Info - Server received ---- - C:\Users\zack\Documents\GitHub\AAGEPong\src\main.cpp:64 on_packet
Info - {"data":1,"type":10959072616266792980} - C:\Users\zack\Documents\GitHub\AAGEPong\src\main.cpp:66 on_packet
Info - Server received ---- - C:\Users\zack\Documents\GitHub\AAGEPong\src\main.cpp:64 on_packet
Info - {"data":1,"type":10959072616266792980} - C:\Users\zack\Documents\GitHub\AAGEPong\src\main.cpp:66 on_packet
Info - Server received ---- - C:\Users\zack\Documents\GitHub\AAGEPong\src\main.cpp:64 on_packet
Info - {"data":1,"type":10959072616266792980} - C:\Users\zack\Documents\GitHub\AAGEPong\src\main.cpp:66 on_packet
Info - Server received ---- - C:\Users\zack\Documents\GitHub\AAGEPong\src\main.cpp:64 on_packet
Info - {"data":-1,"type":10959072616266792980} - C:\Users\zack\Documents\GitHub\AAGEPong\src\main.cpp:66 on_packet
Info - Server received ---- - C:\Users\zack\Documents\GitHub\AAGEPong\src\main.cpp:64 on_packet
Info - {"data":-1,"type":10959072616266792980} - C:\Users\zack\Documents\GitHub\AAGEPong\src\main.cpp:66 on_packet
Info - Server received ---- - C:\Users\zack\Documents\GitHub\AAGEPong\src\main.cpp:64 on_packet
Info - {"data":-1,"type":10959072616266792980} - C:\Users\zack\Documents\GitHub\AAGEPong\src\main.cpp:66 on_packet
Info - Server received ---- - C:\Users\zack\Documents\GitHub\AAGEPong\src\main.cpp:64 on_packet
Info - {"data":-1,"type":10959072616266792980} - C:\Users\zack\Documents\GitHub\AAGEPong\src\main.cpp:66 on_packet
Info - Server received ---- - C:\Users\zack\Documents\GitHub\AAGEPong\src\main.cpp:64 on_packet
Info - {"data":1,"type":10959072616266792980} - C:\Users\zack\Documents\GitHub\AAGEPong\src\main.cpp:66 on_packet
Info - Server received ---- - C:\Users\zack\Documents\GitHub\AAGEPong\src\main.cpp:64 on_packet
Info - {"data":1,"type":10959072616266792980} - C:\Users\zack\Documents\GitHub\AAGEPong\src\main.cpp:66 on_packet
Info - Server received ---- - C:\Users\zack\Documents\GitHub\AAGEPong\src\main.cpp:64 on_packet
Info - {"data":1,"type":10959072616266792980} - C:\Users\zack\Documents\GitHub\AAGEPong\src\main.cpp:66 on_packet
Info - Server received ---- - C:\Users\zack\Documents\GitHub\AAGEPong\src\main.cpp:64 on_packet
Info - {"data":1,"type":10959072616266792980} - C:\Users\zack\Documents\GitHub\AAGEPong\src\main.cpp:66 on_packet
Info - Server received ---- - C:\Users\zack\Documents\GitHub\AAGEPong\src\main.cpp:64 on_packet
Info - {"data":1,"type":10959072616266792980} - C:\Users\zack\Documents\GitHub\AAGEPong\src\main.cpp:66 on_packet
Info - Server received ---- - C:\Users\zack\Documents\GitHub\AAGEPong\src\main.cpp:64 on_packet
Info - {"data":1,"type":10959072616266792980} - C:\Users\zack\Documents\GitHub\AAGEPong\src\main.cpp:66 on_packet
Info - Server received ---- - C:\Users\zack\Documents\GitHub\AAGEPong\src\main.cpp:64 on_packet
Info - {"data":-1,"type":10959072616266792980} - C:\Users\zack\Documents\GitHub\AAGEPong\src\main.cpp:66 on_packet
Info - Server received ---- - C:\Users\zack\Documents\GitHub\AAGEPong\src\main.cpp:64 on_packet
Info - {"data":-1,"type":10959072616266792980} - C:\Users\zack\Documents\GitHub\AAGEPong\src\main.cpp:66 on_packet
Info - Server received ---- - C:\Users\zack\Documents\GitHub\AAGEPong\src\main.cpp:64 on_packet
Info - {"data":-1,"type":10959072616266792980} - C:\Users\zack\Documents\GitHub\AAGEPong\src\main.cpp:66 on_packet
Info - Server received ---- - C:\Users\zack\Documents\GitHub\AAGEPong\src\main.cpp:64 on_packet
Info - {"data":-1,"type":10959072616266792980} - C:\Users\zack\Documents\GitHub\AAGEPong\src\main.cpp:66 on_packet
Info - Server received ---- - C:\Users\zack\Documents\GitHub\AAGEPong\src\main.cpp:64 on_packet
Info - {"data":-1,"type":10959072616266792980} - C:\Users\zack\Documents\GitHub\AAGEPong\src\main.cpp:66 on_packet
Info - Server received ---- - C:\Users\zack\Documents\GitHub\AAGEPong\src\main.cpp:64 on_packet
Info - {"data":-1,"type":10959072616266792980} - C:\Users\zack\Documents\GitHub\AAGEPong\src\main.cpp:66 on_packet
Info - Server received ---- - C:\Users\zack\Documents\GitHub\AAGEPong\src\main.cpp:64 on_packet
Info - {"data":-1,"type":10959072616266792980} - C:\Users\zack\Documents\GitHub\AAGEPong\src\main.cpp:66 on_packet
Info - Server received ---- - C:\Users\zack\Documents\GitHub\AAGEPong\src\main.cpp:64 on_packet
Info - {"data":-1,"type":10959072616266792980} - C:\Users\zack\Documents\GitHub\AAGEPong\src\main.cpp:66 on_packet
Info - Server received ---- - C:\Users\zack\Documents\GitHub\AAGEPong\src\main.cpp:64 on_packet
Info - {"data":-1,"type":10959072616266792980} - C:\Users\zack\Documents\GitHub\AAGEPong\src\main.cpp:66 on_packet
Info - Server received ---- - C:\Users\zack\Documents\GitHub\AAGEPong\src\main.cpp:64 on_packet
Info - {"data":-1,"type":10959072616266792980} - C:\Users\zack\Documents\GitHub\AAGEPong\src\main.cpp:66 on_packet
Info - Server received ---- - C:\Users\zack\Documents\GitHub\AAGEPong\src\main.cpp:64 on_packet
Info - {"data":-1,"type":10959072616266792980} - C:\Users\zack\Documents\GitHub\AAGEPong\src\main.cpp:66 on_packet
Info - Server received ---- - C:\Users\zack\Documents\GitHub\AAGEPong\src\main.cpp:64 on_packet
Info - {"data":-1,"type":10959072616266792980} - C:\Users\zack\Documents\GitHub\AAGEPong\src\main.cpp:66 on_packet
Info - Server received ---- - C:\Users\zack\Documents\GitHub\AAGEPong\src\main.cpp:64 on_packet
Info - {"data":-1,"type":10959072616266792980} - C:\Users\zack\Documents\GitHub\AAGEPong\src\main.cpp:66 on_packet
Info - Server received ---- - C:\Users\zack\Documents\GitHub\AAGEPong\src\main.cpp:64 on_packet
Info - {"data":1,"type":10959072616266792980} - C:\Users\zack\Documents\GitHub\AAGEPong\src\main.cpp:66 on_packet
Info - Server received ---- - C:\Users\zack\Documents\GitHub\AAGEPong\src\main.cpp:64 on_packet
Info - {"data":1,"type":10959072616266792980} - C:\Users\zack\Documents\GitHub\AAGEPong\src\main.cpp:66 on_packet
Info - Server received ---- - C:\Users\zack\Documents\GitHub\AAGEPong\src\main.cpp:64 on_packet
Info - {"data":1,"type":10959072616266792980} - C:\Users\zack\Documents\GitHub\AAGEPong\src\main.cpp:66 on_packet
Info - Server received ---- - C:\Users\zack\Documents\GitHub\AAGEPong\src\main.cpp:64 on_packet
Info - {"data":1,"type":10959072616266792980} - C:\Users\zack\Documents\GitHub\AAGEPong\src\main.cpp:66 on_packet
Info - Server received ---- - C:\Users\zack\Documents\GitHub\AAGEPong\src\main.cpp:64 on_packet
Info - {"data":1,"type":10959072616266792980} - C:\Users\zack\Documents\GitHub\AAGEPong\src\main.cpp:66 on_packet
Info - Server received ---- - C:\Users\zack\Documents\GitHub\AAGEPong\src\main.cpp:64 on_packet
Info - {"data":1,"type":10959072616266792980} - C:\Users\zack\Documents\GitHub\AAGEPong\src\main.cpp:66 on_packet
Info - Server received ---- - C:\Users\zack\Documents\GitHub\AAGEPong\src\main.cpp:64 on_packet
Info - {"data":1,"type":10959072616266792980} - C:\Users\zack\Documents\GitHub\AAGEPong\src\main.cpp:66 on_packet
Info - Server received ---- - C:\Users\zack\Documents\GitHub\AAGEPong\src\main.cpp:64 on_packet
Info - {"data":1,"type":10959072616266792980} - C:\Users\zack\Documents\GitHub\AAGEPong\src\main.cpp:66 on_packet
Info - Server received ---- - C:\Users\zack\Documents\GitHub\AAGEPong\src\main.cpp:64 on_packet
Info - {"data":1,"type":10959072616266792980} - C:\Users\zack\Documents\GitHub\AAGEPong\src\main.cpp:66 on_packet
Info - Server received ---- - C:\Users\zack\Documents\GitHub\AAGEPong\src\main.cpp:64 on_packet
Info - {"data":1,"type":10959072616266792980} - C:\Users\zack\Documents\GitHub\AAGEPong\src\main.cpp:66 on_packet
Info - Server received ---- - C:\Users\zack\Documents\GitHub\AAGEPong\src\main.cpp:64 on_packet
Info - {"data":-1,"type":10959072616266792980} - C:\Users\zack\Documents\GitHub\AAGEPong\src\main.cpp:66 on_packet
Info - Server received ---- - C:\Users\zack\Documents\GitHub\AAGEPong\src\main.cpp:64 on_packet
Info - {"data":-1,"type":10959072616266792980} - C:\Users\zack\Documents\GitHub\AAGEPong\src\main.cpp:66 on_packet
Info - Server received ---- - C:\Users\zack\Documents\GitHub\AAGEPong\src\main.cpp:64 on_packet
Info - {"data":-1,"type":10959072616266792980} - C:\Users\zack\Documents\GitHub\AAGEPong\src\main.cpp:66 on_packet
Info - Server received ---- - C:\Users\zack\Documents\GitHub\AAGEPong\src\main.cpp:64 on_packet
Info - {"data":-1,"type":10959072616266792980} - C:\Users\zack\Documents\GitHub\AAGEPong\src\main.cpp:66 on_packet
Info - Server received ---- - C:\Users\zack\Documents\GitHub\AAGEPong\src\main.cpp:64 on_packet
Info - {"data":-1,"type":10959072616266792980} - C:\Users\zack\Documents\GitHub\AAGEPong\src\main.cpp:66 on_packet
Info - Server received ---- - C:\Users\zack\Documents\GitHub\AAGEPong\src\main.cpp:64 on_packet
Info - {"data":-1,"type":10959072616266792980} - C:\Users\zack\Documents\GitHub\AAGEPong\src\main.cpp:66 on_packet
Info - Server received ---- - C:\Users\zack\Documents\GitHub\AAGEPong\src\main.cpp:64 on_packet
Info - {"data":-1,"type":10959072616266792980} - C:\Users\zack\Documents\GitHub\AAGEPong\src\main.cpp:66 on_packet
Info - Server received ---- - C:\Users\zack\Documents\GitHub\AAGEPong\src\main.cpp:64 on_packet
Info - {"data":-1,"type":10959072616266792980} - C:\Users\zack\Documents\GitHub\AAGEPong\src\main.cpp:66 on_packet
Info - Server received ---- - C:\Users\zack\Documents\GitHub\AAGEPong\src\main.cpp:64 on_packet
Info - {"data":-1,"type":10959072616266792980} - C:\Users\zack\Documents\GitHub\AAGEPong\src\main.cpp:66 on_packet
Info - Server received ---- - C:\Users\zack\Documents\GitHub\AAGEPong\src\main.cpp:64 on_packet
Info - {"data":-1,"type":10959072616266792980} - C:\Users\zack\Documents\GitHub\AAGEPong\src\main.cpp:66 on_packet
Info - Server received ---- - C:\Users\zack\Documents\GitHub\AAGEPong\src\main.cpp:64 on_packet
Info - {"data":-1,"type":10959072616266792980} - C:\Users\zack\Documents\GitHub\AAGEPong\src\main.cpp:66 on_packet
Info - Server received ---- - C:\Users\zack\Documents\GitHub\AAGEPong\src\main.cpp:64 on_packet
Info - {"data":-1,"type":10959072616266792980} - C:\Users\zack\Documents\GitHub\AAGEPong\src\main.cpp:66 on_packet
Info - Server received ---- - C:\Users\zack\Documents\GitHub\AAGEPong\src\main.cpp:64 on_packet
Info - {"data":1,"type":10959072616266792980} - C:\Users\zack\Documents\GitHub\AAGEPong\src\main.cpp:66 on_packet
Info - Server received ---- - C:\Users\zack\Documents\GitHub\AAGEPong\src\main.cpp:64 on_packet
Info - {"data":1,"type":10959072616266792980} - C:\Users\zack\Documents\GitHub\AAGEPong\src\main.cpp:66 on_packet
Info - Server received ---- - C:\Users\zack\Documents\GitHub\AAGEPong\src\main.cpp:64 on_packet
Info - {"data":1,"type":10959072616266792980} - C:\Users\zack\Documents\GitHub\AAGEPong\src\main.cpp:66 on_packet
Info - Server received ---- - C:\Users\zack\Documents\GitHub\AAGEPong\src\main.cpp:64 on_packet
Info - {"data":1,"type":10959072616266792980} - C:\Users\zack\Documents\GitHub\AAGEPong\src\main.cpp:66 on_packet
Alloc - Freeing resource 0x1c982f990e0 - C:\Users\zack\Documents\GitHub\AAGEPong\ActuallyAGameEngine\include\Engine/asset_loader.hpp:39 ~cache_resource_t
Alloc - Freeing resource 0x1c983205e50 - C:\Users\zack\Documents\GitHub\AAGEPong\ActuallyAGameEngine\include\Engine/asset_loader.hpp:39 ~cache_resource_t
Alloc - Freeing resource 0x1c9832058d0 - C:\Users\zack\Documents\GitHub\AAGEPong\ActuallyAGameEngine\include\Engine/asset_loader.hpp:39 ~cache_resource_t
